Compiling the C compiler identification source file "CMakeCCompilerId.c" failed.
Compiler: C:/Program Files (x86)/GNU Arm Embedded Toolchain/10 2020-q4-major/bin/arm-none-eabi-gcc.exe 
Build flags: 
Id flags:  

The output was:
1
c:/program files (x86)/gnu arm embedded toolchain/10 2020-q4-major/bin/../lib/gcc/arm-none-eabi/10.2.1/../../../../arm-none-eabi/bin/ld.exe: c:/program files (x86)/gnu arm embedded toolchain/10 2020-q4-major/bin/../lib/gcc/arm-none-eabi/10.2.1/../../../../arm-none-eabi/lib\libc.a(lib_a-exit.o): in function `exit':
exit.c:(.text.exit+0x2c): undefined reference to `_exit'
collect2.exe: error: ld returned 1 exit status


Compiling the CXX compiler identification source file "CMakeCXXCompilerId.cpp" failed.
Compiler: C:/Program Files (x86)/GNU Arm Embedded Toolchain/10 2020-q4-major/bin/arm-none-eabi-g++.exe 
Build flags: 
Id flags:  

The output was:
1
c:/program files (x86)/gnu arm embedded toolchain/10 2020-q4-major/bin/../lib/gcc/arm-none-eabi/10.2.1/../../../../arm-none-eabi/bin/ld.exe: c:/program files (x86)/gnu arm embedded toolchain/10 2020-q4-major/bin/../lib/gcc/arm-none-eabi/10.2.1/../../../../arm-none-eabi/lib\libc.a(lib_a-exit.o): in function `exit':
exit.c:(.text.exit+0x2c): undefined reference to `_exit'
collect2.exe: error: ld returned 1 exit status


Detecting C compiler ABI info failed to compile with the following output:
Change Dir: C:/Users/marti/OneDrive/Documents/GitHub/VSCode configuration for RPI Pico/build/CMakeFiles/CMakeTmp

Run Build Command(s):nmake -f Makefile /nologo cmTC_569de\fast && Le fichier spécifié est introuvable
Generator: execution of make failed. Make command was: nmake -f Makefile /nologo cmTC_569de\fast && 



Determining if the C compiler works failed with the following output:
Change Dir: C:/Users/marti/OneDrive/Documents/GitHub/VSCode configuration for RPI Pico/build/CMakeFiles/CMakeTmp

Run Build Command(s):nmake -f Makefile /nologo cmTC_395e0\fast && Le fichier spécifié est introuvable
Generator: execution of make failed. Make command was: nmake -f Makefile /nologo cmTC_395e0\fast && 


